<?xml version="1.0" encoding="utf-8" standalone="no"?>
<!--This file represents the results of running a test suite-->
<test-results name="C:\Users\kishor.dudhe\Documents\Visual Studio 2013\Projects\Restaurant_Billing\Restaurant_Billing\bin\Debug\Restaurant_Billing.exe" total="2" errors="0" failures="0" not-run="0" inconclusive="0" ignored="0" skipped="0" invalid="0" date="2015-01-21" time="16:16:15">
  <environment nunit-version="2.5.9.10348" clr-version="2.0.50727.5485" os-version="Microsoft Windows NT 6.1.7601 Service Pack 1" platform="Win32NT" cwd="C:\Program Files (x86)\NUnit 2.5.9\bin\net-2.0" machine-name="AV-PN-KISHORD" user="Kishor.Dudhe" user-domain="SANJUAN" />
  <culture-info current-culture="en-US" current-uiculture="en-US" />
  <test-suite type="Assembly" name="C:\Users\kishor.dudhe\Documents\Visual Studio 2013\Projects\Restaurant_Billing\Restaurant_Billing\bin\Debug\Restaurant_Billing.exe" executed="True" result="Success" success="True" time="0.055" asserts="0">
    <results>
      <test-suite type="Namespace" name="Restaurant_Billing" executed="True" result="Success" success="True" time="0.043" asserts="0">
        <results>
          <test-suite type="TestFixture" name="test" executed="True" result="Success" success="True" time="0.043" asserts="0">
            <results>
              <test-case name="Restaurant_Billing.test.testbill" executed="True" result="Success" success="True" time="0.025" asserts="1" />
              <test-case name="Restaurant_Billing.test.testedit" executed="True" result="Success" success="True" time="0.000" asserts="0" />
            </results>
          </test-suite>
        </results>
      </test-suite>
    </results>
  </test-suite>
</test-results>